{
  "RSpec": {
    "coverage": {
      "/home/dell/Desktop/codebreaker-web/lib/racker.rb": [
        null,
        null,
        1,
        1,
        1,
        1,
        null,
        null,
        1,
        1,
        null,
        1,
        1,
        null,
        1,
        12,
        null,
        null,
        1,
        12,
        12,
        null,
        null,
        1,
        12,
        1,
        3,
        1,
        2,
        0,
        1,
        1,
        1,
        0,
        1,
        1,
        null,
        null,
        null,
        1,
        1,
        null,
        0,
        null,
        null,
        1,
        1,
        1,
        null,
        null,
        1,
        0,
        0,
        null,
        null,
        1,
        3,
        3,
        3,
        3,
        null,
        null,
        1,
        1,
        null,
        1,
        1,
        null,
        null,
        1,
        2,
        2,
        2,
        null,
        2,
        null,
        null,
        1,
        2,
        1,
        1,
        1,
        null,
        0,
        null,
        null,
        null,
        1,
        0,
        0,
        null,
        null,
        1,
        1,
        null,
        1,
        1,
        1,
        null,
        null,
        1,
        1,
        1,
        1,
        1,
        null,
        null,
        1,
        7,
        null,
        7,
        7,
        null,
        null,
        null,
        1,
        7,
        7,
        null,
        null,
        1,
        4,
        null,
        null,
        1,
        10,
        null,
        null,
        1,
        3,
        null,
        null,
        1,
        2,
        null,
        null,
        1,
        1,
        null,
        null
      ]
    },
    "timestamp": 1563962645
  }
}
